<?xml version='1.0' encoding='UTF-8'?>
<testsuite hostname="Bharaths-MacBook-Air.local" name="patmat.HuffmanSuite" tests="6" errors="0" failures="0" skipped="0" time="0.179" timestamp="2020-05-14T21:05:56">
                     <properties>
[...]
</properties>
                     <testcase classname="patmat.HuffmanSuite" name="chars of a larger tree (10pts)" time="0.079">
                                                 
                                               </testcase><testcase classname="patmat.HuffmanSuite" name="weight of a larger tree (10pts)" time="0.002">
                                                 
                                               </testcase><testcase classname="patmat.HuffmanSuite" name="decode and encode a very short text should be identity (10pts)" time="0.095">
                                                 
                                               </testcase><testcase classname="patmat.HuffmanSuite" name="string2chars hello world" time="0.001">
                                                 
                                               </testcase><testcase classname="patmat.HuffmanSuite" name="combine of some leaf list (15pts)" time="0.001">
                                                 
                                               </testcase><testcase classname="patmat.HuffmanSuite" name="make ordered leaf list for some frequency table (15pts)" time="0.001">
                                                 
                                               </testcase>
                     <system-out><![CDATA[]]></system-out>
                     <system-err><![CDATA[]]></system-err>
                   </testsuite>