<?xml version='1.0' encoding='UTF-8'?>
<testsuite hostname="Bharaths-MacBook-Air.local" name="objsets.TweetSetSuite" tests="7" errors="0" failures="0" skipped="0" time="0.226" timestamp="2020-05-14T20:38:58">
                     <properties>
[...]
</properties>
                     <testcase classname="objsets.TweetSetSuite" name="filter: a on set5" time="0.201">
                                                 
                                               </testcase><testcase classname="objsets.TweetSetSuite" name="filter: on empty set" time="0.005">
                                                 
                                               </testcase><testcase classname="objsets.TweetSetSuite" name="union: set4c and set4d" time="0.01">
                                                 
                                               </testcase><testcase classname="objsets.TweetSetSuite" name="descending: set5" time="0.004">
                                                 
                                               </testcase><testcase classname="objsets.TweetSetSuite" name="union: with empty set1" time="0.002">
                                                 
                                               </testcase><testcase classname="objsets.TweetSetSuite" name="union: with empty set2" time="0.002">
                                                 
                                               </testcase><testcase classname="objsets.TweetSetSuite" name="filter: twenty on set5" time="0.002">
                                                 
                                               </testcase>
                     <system-out><![CDATA[]]></system-out>
                     <system-err><![CDATA[]]></system-err>
                   </testsuite>